05:47:03.152 [main] DEBUG org.testng.TestNG - suiteXmlPath: "D:\eclipse-workspace\PetStoreAutomation\testng.xml"
05:47:03.804 [main] DEBUG org.testng.internal.Graph - [Graph] ADDING NODE UserTests.setup()[pri:0, instance:null] 942903986
05:47:03.805 [main] DEBUG org.testng.internal.Graph - [Graph] ================ SORTING
05:47:03.812 [main] DEBUG org.testng.internal.Graph - [Graph] =============== DONE SORTING
05:47:03.812 [main] DEBUG org.testng.internal.Graph - [Graph] ====== SORTED NODES
05:47:03.812 [main] DEBUG org.testng.internal.Graph - [Graph] ====== END SORTED NODES
05:47:03.831 [main] DEBUG org.testng.internal.Graph - [Graph] ADDING NODE UserTests.testUpdateUserByName()[pri:3, instance:api.test.UserTests@19648c40] -883128485
05:47:03.831 [main] DEBUG org.testng.internal.Graph - [Graph] ADDING NODE UserTests.testDeleteUserByName()[pri:4, instance:api.test.UserTests@19648c40] 2141639037
05:47:03.832 [main] DEBUG org.testng.internal.Graph - [Graph] ADDING NODE UserTests.testPostUser()[pri:1, instance:api.test.UserTests@19648c40] -790146418
05:47:03.832 [main] DEBUG org.testng.internal.Graph - [Graph] ADDING NODE UserTests.testGetUserByName()[pri:2, instance:api.test.UserTests@19648c40] 1632368770
05:47:03.832 [main] DEBUG org.testng.internal.Graph - [Graph] ================ SORTING
05:47:03.835 [main] DEBUG org.testng.internal.Graph - [Graph] =============== DONE SORTING
05:47:03.835 [main] DEBUG org.testng.internal.Graph - [Graph] ====== SORTED NODES
05:47:03.835 [main] DEBUG org.testng.internal.Graph - [Graph] ====== END SORTED NODES
05:47:03.856 [main] INFO  org.testng.internal.Utils - [TestNG] Running:
  D:\eclipse-workspace\PetStoreAutomation\testng.xml

05:47:05.122 [main] INFO  api.test.UserTests - ********** Reading User Info ***************
05:47:10.939 [main] ERROR org.testng.reporters.jq.Main - D:\eclipse-workspace\PetStoreAutomation\test-output\jquery-3.6.0.min.js
java.nio.file.FileAlreadyExistsException: D:\eclipse-workspace\PetStoreAutomation\test-output\jquery-3.6.0.min.js
	at sun.nio.fs.WindowsException.translateToIOException(WindowsException.java:87) ~[?:?]
	at sun.nio.fs.WindowsException.rethrowAsIOException(WindowsException.java:103) ~[?:?]
	at sun.nio.fs.WindowsException.rethrowAsIOException(WindowsException.java:108) ~[?:?]
	at sun.nio.fs.WindowsFileSystemProvider.newByteChannel(WindowsFileSystemProvider.java:235) ~[?:?]
	at java.nio.file.spi.FileSystemProvider.newOutputStream(FileSystemProvider.java:478) ~[?:?]
	at java.nio.file.Files.newOutputStream(Files.java:222) ~[?:?]
	at java.nio.file.Files.copy(Files.java:3141) ~[?:?]
	at org.testng.reporters.jq.Main.generateReport(Main.java:95) ~[testng-7.6.1.jar:7.6.1]
	at org.testng.TestNG.generateReports(TestNG.java:1134) ~[testng-7.6.1.jar:7.6.1]
	at org.testng.TestNG.run(TestNG.java:1072) ~[testng-7.6.1.jar:7.6.1]
	at org.testng.remote.AbstractRemoteTestNG.run(AbstractRemoteTestNG.java:115) ~[testng-remote.jar:?]
	at org.testng.remote.RemoteTestNG.initAndRun(RemoteTestNG.java:251) ~[testng-remote.jar:?]
	at org.testng.remote.RemoteTestNG.main(RemoteTestNG.java:77) ~[testng-remote.jar:?]
05:47:10.954 [main] DEBUG org.testng.internal.Graph - [Graph] ADDING NODE UserTests.testPostUser()[pri:1, instance:api.test.UserTests@19648c40] -790146418
05:47:10.955 [main] DEBUG org.testng.internal.Graph - [Graph] ADDING NODE UserTests.testGetUserByName()[pri:2, instance:api.test.UserTests@19648c40] 1632368770
05:47:10.955 [main] DEBUG org.testng.internal.Graph - [Graph] ADDING NODE UserTests.testUpdateUserByName()[pri:3, instance:api.test.UserTests@19648c40] -883128485
05:47:10.955 [main] DEBUG org.testng.internal.Graph - [Graph] ADDING NODE UserTests.testDeleteUserByName()[pri:4, instance:api.test.UserTests@19648c40] 2141639037
05:47:10.955 [main] DEBUG org.testng.internal.Graph - [Graph] ================ SORTING
05:47:10.956 [main] DEBUG org.testng.internal.Graph - [Graph] =============== DONE SORTING
05:47:10.956 [main] DEBUG org.testng.internal.Graph - [Graph] ====== SORTED NODES
05:47:10.957 [main] DEBUG org.testng.internal.Graph - [Graph] ====== END SORTED NODES
05:50:53.453 [main] INFO  api.test.UserTests - ************** Creating User **********************
05:51:01.780 [main] INFO  api.test.UserTests - **************User is created**********************
05:51:01.862 [main] INFO  api.test.UserTests - ********** Reading User Info ***************
05:51:03.121 [main] INFO  api.test.UserTests - **********User info  is displayed ***************
05:51:03.129 [main] INFO  api.test.UserTests - ************** Updating User Info **********************
05:51:04.336 [main] INFO  api.test.UserTests - **************  User Info Updated **********************
05:51:04.350 [main] INFO  api.test.UserTests - ************** Deleting User Info **********************
05:51:05.498 [main] INFO  api.test.UserTests - ************** Deleted User Info **********************
03:01:57.091 [main] INFO  api.test.UserTests2 - ************** Creating User **********************
03:02:05.190 [main] INFO  api.test.UserTests2 - **************User is created**********************
03:02:05.234 [main] INFO  api.test.UserTests2 - ********** Reading User Info ***************
03:02:06.564 [main] INFO  api.test.UserTests2 - **********User info  is displayed ***************
03:02:06.575 [main] INFO  api.test.UserTests2 - ************** Updating User Info **********************
03:02:07.736 [main] INFO  api.test.UserTests2 - **************  User Info Updated **********************
03:02:07.754 [main] INFO  api.test.UserTests2 - ************** Deleting User Info **********************
03:02:08.884 [main] INFO  api.test.UserTests2 - ************** Deleted User Info **********************
03:25:49.016 [main] INFO  api.test.UserTests2 - ************** Creating User **********************
03:25:54.092 [main] INFO  api.test.UserTests2 - **************User is created**********************
03:25:54.118 [main] INFO  api.test.UserTests2 - ********** Reading User Info ***************
03:25:55.409 [main] INFO  api.test.UserTests2 - **********User info  is displayed ***************
03:25:55.414 [main] INFO  api.test.UserTests2 - ************** Updating User Info **********************
03:25:56.601 [main] INFO  api.test.UserTests2 - **************  User Info Updated **********************
03:25:56.605 [main] INFO  api.test.UserTests2 - ************** Deleting User Info **********************
03:25:57.771 [main] INFO  api.test.UserTests2 - ************** Deleted User Info **********************
04:44:41.761 [main] INFO  api.test.UserTests2 - ************** Creating User **********************
04:44:46.962 [main] INFO  api.test.UserTests2 - **************User is created**********************
04:44:47.001 [main] INFO  api.test.UserTests2 - ********** Reading User Info ***************
04:44:48.293 [main] INFO  api.test.UserTests2 - **********User info  is displayed ***************
04:44:48.299 [main] INFO  api.test.UserTests2 - ************** Updating User Info **********************
04:44:49.473 [main] INFO  api.test.UserTests2 - **************  User Info Updated **********************
04:44:49.487 [main] INFO  api.test.UserTests2 - ************** Deleting User Info **********************
04:44:50.661 [main] INFO  api.test.UserTests2 - ************** Deleted User Info **********************
04:52:58.069 [main] INFO  api.test.UserTests2 - ************** Creating User **********************
04:53:06.372 [main] INFO  api.test.UserTests2 - **************User is created**********************
04:53:06.405 [main] INFO  api.test.UserTests2 - ********** Reading User Info ***************
04:53:07.730 [main] INFO  api.test.UserTests2 - **********User info  is displayed ***************
04:53:07.739 [main] INFO  api.test.UserTests2 - ************** Updating User Info **********************
04:53:08.954 [main] INFO  api.test.UserTests2 - **************  User Info Updated **********************
04:53:08.959 [main] INFO  api.test.UserTests2 - ************** Deleting User Info **********************
04:53:10.154 [main] INFO  api.test.UserTests2 - ************** Deleted User Info **********************
